<?xml version="1.0" encoding="UTF-8"?>
<!-- Generated by org.testng.reporters.JUnitReportReporter -->
<testsuite hostname="admin-PC" name="TestClass" tests="1" failures="0" timestamp="20 Aug 2015 07:11:11 GMT" time="0.577" errors="0">
  <testcase name="testcheck" time="0.577" classname="TestClass"/>
</testsuite> <!-- TestClass -->
